<?xml version="1.0" encoding="UTF-8"?>
<!-- Generated by org.testng.reporters.JUnitReportReporter -->
<testsuite skipped="0" hostname="LENOVOE" name="Controller" tests="1" failures="0" timestamp="19 Mar 2020 23:43:08 GMT" time="3.651" errors="0">
  <testcase name="prepareAPIRequests" time="3.651" classname="Controller"/>
</testsuite> <!-- Controller -->
